
(base) D:\AI.wk\torchTut\src>conda list num
pywintypes G:\Anaconda3\lib\site-packages\win32\pywintypes37.dll
pythoncom G:\Anaconda3\Library\bin\pythoncom37.dll
# packages in environment at G:\Anaconda3:
#
# Name                    Version                   Build  Channel
numba                     0.45.1           py37hf9181ef_0    https://repo.anaconda.com/pkgs/main
numexpr                   2.7.0            py37hdce8814_0    https://repo.anaconda.com/pkgs/main
numpy                     1.18.1                   pypi_0    pypi
numpy-base                1.16.5           py37hc3f5095_0    https://repo.anaconda.com/pkgs/main
numpydoc                  0.9.1                      py_0    https://repo.anaconda.com/pkgs/main

(base) D:\AI.wk\torchTut\src>conda install numpy=1.17.4  -c pypi
pywintypes G:\Anaconda3\lib\site-packages\win32\pywintypes37.dll
pythoncom G:\Anaconda3\Library\bin\pythoncom37.dll
Collecting package metadata (current_repodata.json): done
Solving environment: done

## Package Plan ##

  environment location: G:\Anaconda3

  added / updated specs:
    - numpy=1.17.4


The following packages will be downloaded:

    package                    |            build
    ---------------------------|-----------------
    numpy-1.17.4               |   py37h4320e6b_0           5 KB  tsinghua
    numpy-base-1.17.4          |   py37hc3f5095_0         3.8 MB  tsinghua
    ------------------------------------------------------------
                                           Total:         3.8 MB

The following packages will be UPDATED:

  ca-certificates    conda-forge::ca-certificates-2019.11.~ --> anaconda/pkgs/main::ca-certificates-2020.1.1-0
  numpy              pkgs/main::numpy-1.16.5-py37h19fb1c0_0 --> anaconda/pkgs/main::numpy-1.17.4-py37h4320e6b_0
  numpy-base         pkgs/main::numpy-base-1.16.5-py37hc3f~ --> anaconda/pkgs/main::numpy-base-1.17.4-py37hc3f5095_0


Proceed ([y]/n)?


Downloading and Extracting Packages
numpy-base-1.17.4    | 3.8 MB    | ############################################################################################################################ | 100%
numpy-1.17.4         | 5 KB      | ############################################################################################################################ | 100%
Preparing transaction: done
Verifying transaction: done
Executing transaction: done

(base) D:\AI.wk\torchTut\src>conda list numpy
pywintypes G:\Anaconda3\lib\site-packages\win32\pywintypes37.dll
pythoncom G:\Anaconda3\Library\bin\pythoncom37.dll
# packages in environment at G:\Anaconda3:
#
# Name                    Version                   Build  Channel
numpy                     1.18.1                   pypi_0    pypi
numpy-base                1.17.4           py37hc3f5095_0    tsinghua
numpydoc                  0.9.1                      py_0    https://repo.anaconda.com/pkgs/main

(base) D:\AI.wk\torchTut\src>time && python tv-training-code.py && time
当前时间: 16:47:43.31
输入新时间:
0
Epoch: [0]  [  0/120]  eta: 0:07:34  lr: 0.000047  loss: 4.2722 (4.2722)  loss_classifier: 0.5620 (0.5620)  loss_box_reg: 0.0671 (0.0671)  loss_mask: 3.6352 (3.6352)  loss_objectness: 0.0011 (0.0011)  loss_rpn_box_reg: 0.0067 (0.0067)  time: 3.7859  data: 1.4011  max mem: 1090
Epoch: [0]  [ 10/120]  eta: 0:01:40  lr: 0.000467  loss: 2.0588 (2.2116)  loss_classifier: 0.5468 (0.4710)  loss_box_reg: 0.1054 (0.1399)  loss_mask: 1.0561 (1.5677)  loss_objectness: 0.0123 (0.0241)  loss_rpn_box_reg: 0.0067 (0.0089)  time: 0.9129  data: 0.1282  max mem: 1675
Epoch: [0]  [ 20/120]  eta: 0:01:20  lr: 0.000886  loss: 1.0755 (1.5157)  loss_classifier: 0.2572 (0.3309)  loss_box_reg: 0.1311 (0.1483)  loss_mask: 0.5724 (1.0059)  loss_objectness: 0.0123 (0.0209)  loss_rpn_box_reg: 0.0083 (0.0097)  time: 0.6582  data: 0.0010  max mem: 1749
Epoch: [0]  [ 30/120]  eta: 0:01:08  lr: 0.001306  loss: 0.5560 (1.2176)  loss_classifier: 0.1153 (0.2705)  loss_box_reg: 0.1471 (0.1617)  loss_mask: 0.2613 (0.7519)  loss_objectness: 0.0148 (0.0208)  loss_rpn_box_reg: 0.0106 (0.0127)  time: 0.6762  data: 0.0011  max mem: 1749
Epoch: [0]  [ 40/120]  eta: 0:00:58  lr: 0.001726  loss: 0.4950 (1.0383)  loss_classifier: 0.0980 (0.2270)  loss_box_reg: 0.1471 (0.1642)  loss_mask: 0.1946 (0.6150)  loss_objectness: 0.0134 (0.0189)  loss_rpn_box_reg: 0.0125 (0.0132)  time: 0.6489  data: 0.0011  max mem: 1749
Epoch: [0]  [ 50/120]  eta: 0:00:50  lr: 0.002146  loss: 0.4482 (0.9180)  loss_classifier: 0.0684 (0.1966)  loss_box_reg: 0.1303 (0.1609)  loss_mask: 0.1853 (0.5313)  loss_objectness: 0.0024 (0.0164)  loss_rpn_box_reg: 0.0101 (0.0128)  time: 0.6503  data: 0.0012  max mem: 1765
Epoch: [0]  [ 60/120]  eta: 0:00:42  lr: 0.002565  loss: 0.3646 (0.8241)  loss_classifier: 0.0663 (0.1745)  loss_box_reg: 0.1081 (0.1504)  loss_mask: 0.1688 (0.4713)  loss_objectness: 0.0018 (0.0144)  loss_rpn_box_reg: 0.0105 (0.0134)  time: 0.6631  data: 0.0012  max mem: 1772
Epoch: [0]  [ 70/120]  eta: 0:00:34  lr: 0.002985  loss: 0.2951 (0.7457)  loss_classifier: 0.0459 (0.1559)  loss_box_reg: 0.0568 (0.1375)  loss_mask: 0.1456 (0.4264)  loss_objectness: 0.0014 (0.0128)  loss_rpn_box_reg: 0.0095 (0.0131)  time: 0.6484  data: 0.0012  max mem: 1805
Epoch: [0]  [ 80/120]  eta: 0:00:27  lr: 0.003405  loss: 0.2623 (0.6908)  loss_classifier: 0.0358 (0.1416)  loss_box_reg: 0.0507 (0.1269)  loss_mask: 0.1625 (0.3971)  loss_objectness: 0.0024 (0.0120)  loss_rpn_box_reg: 0.0090 (0.0132)  time: 0.6380  data: 0.0012  max mem: 1806
Epoch: [0]  [ 90/120]  eta: 0:00:20  lr: 0.003825  loss: 0.2763 (0.6426)  loss_classifier: 0.0358 (0.1311)  loss_box_reg: 0.0380 (0.1166)  loss_mask: 0.1688 (0.3711)  loss_objectness: 0.0022 (0.0114)  loss_rpn_box_reg: 0.0060 (0.0123)  time: 0.6333  data: 0.0011  max mem: 1806
Epoch: [0]  [100/120]  eta: 0:00:13  lr: 0.004244  loss: 0.2728 (0.6050)  loss_classifier: 0.0353 (0.1226)  loss_box_reg: 0.0232 (0.1086)  loss_mask: 0.1586 (0.3509)  loss_objectness: 0.0011 (0.0106)  loss_rpn_box_reg: 0.0048 (0.0121)  time: 0.6375  data: 0.0010  max mem: 1879
Epoch: [0]  [110/120]  eta: 0:00:06  lr: 0.004664  loss: 0.1933 (0.5703)  loss_classifier: 0.0258 (0.1140)  loss_box_reg: 0.0200 (0.1010)  loss_mask: 0.1358 (0.3336)  loss_objectness: 0.0010 (0.0098)  loss_rpn_box_reg: 0.0061 (0.0119)  time: 0.6436  data: 0.0011  max mem: 1879
Epoch: [0]  [119/120]  eta: 0:00:00  lr: 0.005000  loss: 0.2302 (0.5491)  loss_classifier: 0.0297 (0.1095)  loss_box_reg: 0.0222 (0.0967)  loss_mask: 0.1601 (0.3218)  loss_objectness: 0.0012 (0.0091)  loss_rpn_box_reg: 0.0112 (0.0120)  time: 0.6433  data: 0.0011  max mem: 1879
Epoch: [0] Total time: 0:01:21 (0.6759 s / it)
creating index...
index created!
Test:  [ 0/50]  eta: 0:01:16  model_time: 0.3108 (0.3108)  evaluator_time: 0.0040 (0.0040)  time: 1.5204  data: 1.2036  max mem: 1879
Test:  [49/50]  eta: 0:00:00  model_time: 0.2478 (0.2642)  evaluator_time: 0.0080 (0.0093)  time: 0.2756  data: 0.0010  max mem: 1879
Test: Total time: 0:00:15 (0.3048 s / it)
Averaged stats: model_time: 0.2478 (0.2642)  evaluator_time: 0.0080 (0.0093)
Accumulating evaluation results...
DONE (t=0.02s).
Accumulating evaluation results...
DONE (t=0.02s).
IoU metric: bbox
 Average Precision  (AP) @[ IoU=0.50:0.95 | area=   all | maxDets=100 ] = 0.745
 Average Precision  (AP) @[ IoU=0.50      | area=   all | maxDets=100 ] = 0.962
 Average Precision  (AP) @[ IoU=0.75      | area=   all | maxDets=100 ] = 0.894
 Average Precision  (AP) @[ IoU=0.50:0.95 | area= small | maxDets=100 ] = 0.443
 Average Precision  (AP) @[ IoU=0.50:0.95 | area=medium | maxDets=100 ] = 0.547
 Average Precision  (AP) @[ IoU=0.50:0.95 | area= large | maxDets=100 ] = 0.756
 Average Recall     (AR) @[ IoU=0.50:0.95 | area=   all | maxDets=  1 ] = 0.342
 Average Recall     (AR) @[ IoU=0.50:0.95 | area=   all | maxDets= 10 ] = 0.790
 Average Recall     (AR) @[ IoU=0.50:0.95 | area=   all | maxDets=100 ] = 0.790
 Average Recall     (AR) @[ IoU=0.50:0.95 | area= small | maxDets=100 ] = 0.600
 Average Recall     (AR) @[ IoU=0.50:0.95 | area=medium | maxDets=100 ] = 0.850
 Average Recall     (AR) @[ IoU=0.50:0.95 | area= large | maxDets=100 ] = 0.793
IoU metric: segm
 Average Precision  (AP) @[ IoU=0.50:0.95 | area=   all | maxDets=100 ] = 0.693
 Average Precision  (AP) @[ IoU=0.50      | area=   all | maxDets=100 ] = 0.939
 Average Precision  (AP) @[ IoU=0.75      | area=   all | maxDets=100 ] = 0.803
 Average Precision  (AP) @[ IoU=0.50:0.95 | area= small | maxDets=100 ] = 0.353
 Average Precision  (AP) @[ IoU=0.50:0.95 | area=medium | maxDets=100 ] = 0.464
 Average Precision  (AP) @[ IoU=0.50:0.95 | area= large | maxDets=100 ] = 0.706
 Average Recall     (AR) @[ IoU=0.50:0.95 | area=   all | maxDets=  1 ] = 0.331
 Average Recall     (AR) @[ IoU=0.50:0.95 | area=   all | maxDets= 10 ] = 0.739
 Average Recall     (AR) @[ IoU=0.50:0.95 | area=   all | maxDets=100 ] = 0.739
 Average Recall     (AR) @[ IoU=0.50:0.95 | area= small | maxDets=100 ] = 0.567
 Average Recall     (AR) @[ IoU=0.50:0.95 | area=medium | maxDets=100 ] = 0.775
 Average Recall     (AR) @[ IoU=0.50:0.95 | area= large | maxDets=100 ] = 0.743
1
Epoch: [1]  [  0/120]  eta: 0:03:45  lr: 0.005000  loss: 0.2660 (0.2660)  loss_classifier: 0.0252 (0.0252)  loss_box_reg: 0.0283 (0.0283)  loss_mask: 0.2031 (0.2031)  loss_objectness: 0.0019 (0.0019)  loss_rpn_box_reg: 0.0075 (0.0075)  time: 1.8809  data: 1.2664  max mem: 1879
Epoch: [1]  [ 10/120]  eta: 0:01:22  lr: 0.005000  loss: 0.2548 (0.2705)  loss_classifier: 0.0309 (0.0426)  loss_box_reg: 0.0272 (0.0447)  loss_mask: 0.1702 (0.1707)  loss_objectness: 0.0010 (0.0013)  loss_rpn_box_reg: 0.0091 (0.0110)  time: 0.7540  data: 0.1160  max mem: 1879
Epoch: [1]  [ 20/120]  eta: 0:01:08  lr: 0.005000  loss: 0.2057 (0.2473)  loss_classifier: 0.0309 (0.0372)  loss_box_reg: 0.0153 (0.0357)  loss_mask: 0.1428 (0.1628)  loss_objectness: 0.0007 (0.0014)  loss_rpn_box_reg: 0.0077 (0.0101)  time: 0.6202  data: 0.0011  max mem: 1879
Epoch: [1]  [ 30/120]  eta: 0:01:01  lr: 0.005000  loss: 0.2197 (0.2562)  loss_classifier: 0.0352 (0.0422)  loss_box_reg: 0.0346 (0.0379)  loss_mask: 0.1420 (0.1637)  loss_objectness: 0.0003 (0.0015)  loss_rpn_box_reg: 0.0077 (0.0107)  time: 0.6452  data: 0.0012  max mem: 1879
Epoch: [1]  [ 40/120]  eta: 0:00:54  lr: 0.005000  loss: 0.2281 (0.2503)  loss_classifier: 0.0462 (0.0430)  loss_box_reg: 0.0346 (0.0361)  loss_mask: 0.1299 (0.1578)  loss_objectness: 0.0007 (0.0015)  loss_rpn_box_reg: 0.0126 (0.0120)  time: 0.6883  data: 0.0012  max mem: 1879
Epoch: [1]  [ 50/120]  eta: 0:00:47  lr: 0.005000  loss: 0.2097 (0.2408)  loss_classifier: 0.0438 (0.0419)  loss_box_reg: 0.0205 (0.0330)  loss_mask: 0.1206 (0.1516)  loss_objectness: 0.0009 (0.0017)  loss_rpn_box_reg: 0.0123 (0.0125)  time: 0.6773  data: 0.0011  max mem: 1879
Epoch: [1]  [ 60/120]  eta: 0:00:40  lr: 0.005000  loss: 0.1956 (0.2354)  loss_classifier: 0.0302 (0.0404)  loss_box_reg: 0.0154 (0.0306)  loss_mask: 0.1250 (0.1509)  loss_objectness: 0.0004 (0.0017)  loss_rpn_box_reg: 0.0068 (0.0118)  time: 0.6542  data: 0.0011  max mem: 1879
Epoch: [1]  [ 70/120]  eta: 0:00:33  lr: 0.005000  loss: 0.1673 (0.2307)  loss_classifier: 0.0287 (0.0402)  loss_box_reg: 0.0123 (0.0298)  loss_mask: 0.1301 (0.1478)  loss_objectness: 0.0003 (0.0016)  loss_rpn_box_reg: 0.0058 (0.0114)  time: 0.6621  data: 0.0011  max mem: 1879
Epoch: [1]  [ 80/120]  eta: 0:00:27  lr: 0.005000  loss: 0.1999 (0.2332)  loss_classifier: 0.0261 (0.0401)  loss_box_reg: 0.0123 (0.0311)  loss_mask: 0.1195 (0.1481)  loss_objectness: 0.0006 (0.0016)  loss_rpn_box_reg: 0.0065 (0.0122)  time: 0.6971  data: 0.0011  max mem: 1879
Epoch: [1]  [ 90/120]  eta: 0:00:20  lr: 0.005000  loss: 0.1963 (0.2306)  loss_classifier: 0.0290 (0.0398)  loss_box_reg: 0.0189 (0.0300)  loss_mask: 0.1255 (0.1466)  loss_objectness: 0.0006 (0.0019)  loss_rpn_box_reg: 0.0093 (0.0122)  time: 0.6749  data: 0.0011  max mem: 1879
Epoch: [1]  [100/120]  eta: 0:00:13  lr: 0.005000  loss: 0.1961 (0.2306)  loss_classifier: 0.0315 (0.0396)  loss_box_reg: 0.0189 (0.0302)  loss_mask: 0.1255 (0.1462)  loss_objectness: 0.0006 (0.0021)  loss_rpn_box_reg: 0.0066 (0.0125)  time: 0.6600  data: 0.0011  max mem: 1879
Epoch: [1]  [110/120]  eta: 0:00:06  lr: 0.005000  loss: 0.2050 (0.2296)  loss_classifier: 0.0318 (0.0392)  loss_box_reg: 0.0198 (0.0300)  loss_mask: 0.1278 (0.1458)  loss_objectness: 0.0005 (0.0020)  loss_rpn_box_reg: 0.0088 (0.0125)  time: 0.6907  data: 0.0011  max mem: 1879
Epoch: [1]  [119/120]  eta: 0:00:00  lr: 0.005000  loss: 0.2071 (0.2323)  loss_classifier: 0.0313 (0.0390)  loss_box_reg: 0.0198 (0.0308)  loss_mask: 0.1379 (0.1480)  loss_objectness: 0.0004 (0.0019)  loss_rpn_box_reg: 0.0108 (0.0125)  time: 0.7168  data: 0.0011  max mem: 1879
Epoch: [1] Total time: 0:01:22 (0.6841 s / it)
creating index...
index created!
Test:  [ 0/50]  eta: 0:01:15  model_time: 0.2868 (0.2868)  evaluator_time: 0.0040 (0.0040)  time: 1.5070  data: 1.2132  max mem: 1879
Test:  [49/50]  eta: 0:00:00  model_time: 0.2528 (0.2645)  evaluator_time: 0.0070 (0.0081)  time: 0.2780  data: 0.0010  max mem: 1879
Test: Total time: 0:00:15 (0.3035 s / it)
Averaged stats: model_time: 0.2528 (0.2645)  evaluator_time: 0.0070 (0.0081)
Accumulating evaluation results...
DONE (t=0.02s).
Accumulating evaluation results...
DONE (t=0.02s).
IoU metric: bbox
 Average Precision  (AP) @[ IoU=0.50:0.95 | area=   all | maxDets=100 ] = 0.626
 Average Precision  (AP) @[ IoU=0.50      | area=   all | maxDets=100 ] = 0.965
 Average Precision  (AP) @[ IoU=0.75      | area=   all | maxDets=100 ] = 0.791
 Average Precision  (AP) @[ IoU=0.50:0.95 | area= small | maxDets=100 ] = 0.414
 Average Precision  (AP) @[ IoU=0.50:0.95 | area=medium | maxDets=100 ] = 0.471
 Average Precision  (AP) @[ IoU=0.50:0.95 | area= large | maxDets=100 ] = 0.634
 Average Recall     (AR) @[ IoU=0.50:0.95 | area=   all | maxDets=  1 ] = 0.299
 Average Recall     (AR) @[ IoU=0.50:0.95 | area=   all | maxDets= 10 ] = 0.685
 Average Recall     (AR) @[ IoU=0.50:0.95 | area=   all | maxDets=100 ] = 0.685
 Average Recall     (AR) @[ IoU=0.50:0.95 | area= small | maxDets=100 ] = 0.567
 Average Recall     (AR) @[ IoU=0.50:0.95 | area=medium | maxDets=100 ] = 0.675
 Average Recall     (AR) @[ IoU=0.50:0.95 | area= large | maxDets=100 ] = 0.688
IoU metric: segm
 Average Precision  (AP) @[ IoU=0.50:0.95 | area=   all | maxDets=100 ] = 0.698
 Average Precision  (AP) @[ IoU=0.50      | area=   all | maxDets=100 ] = 0.953
 Average Precision  (AP) @[ IoU=0.75      | area=   all | maxDets=100 ] = 0.848
 Average Precision  (AP) @[ IoU=0.50:0.95 | area= small | maxDets=100 ] = 0.377
 Average Precision  (AP) @[ IoU=0.50:0.95 | area=medium | maxDets=100 ] = 0.431
 Average Precision  (AP) @[ IoU=0.50:0.95 | area= large | maxDets=100 ] = 0.711
 Average Recall     (AR) @[ IoU=0.50:0.95 | area=   all | maxDets=  1 ] = 0.329
 Average Recall     (AR) @[ IoU=0.50:0.95 | area=   all | maxDets= 10 ] = 0.745
 Average Recall     (AR) @[ IoU=0.50:0.95 | area=   all | maxDets=100 ] = 0.745
 Average Recall     (AR) @[ IoU=0.50:0.95 | area= small | maxDets=100 ] = 0.567
 Average Recall     (AR) @[ IoU=0.50:0.95 | area=medium | maxDets=100 ] = 0.675
 Average Recall     (AR) @[ IoU=0.50:0.95 | area= large | maxDets=100 ] = 0.752
2
Epoch: [2]  [  0/120]  eta: 0:03:34  lr: 0.005000  loss: 0.1949 (0.1949)  loss_classifier: 0.0279 (0.0279)  loss_box_reg: 0.0143 (0.0143)  loss_mask: 0.1412 (0.1412)  loss_objectness: 0.0003 (0.0003)  loss_rpn_box_reg: 0.0112 (0.0112)  time: 1.7887  data: 1.2002  max mem: 1879
Epoch: [2]  [ 10/120]  eta: 0:01:19  lr: 0.005000  loss: 0.1333 (0.1706)  loss_classifier: 0.0159 (0.0225)  loss_box_reg: 0.0088 (0.0168)  loss_mask: 0.1121 (0.1244)  loss_objectness: 0.0002 (0.0003)  loss_rpn_box_reg: 0.0044 (0.0066)  time: 0.7214  data: 0.1099  max mem: 1879
Epoch: [2]  [ 20/120]  eta: 0:01:13  lr: 0.005000  loss: 0.1807 (0.1982)  loss_classifier: 0.0294 (0.0322)  loss_box_reg: 0.0110 (0.0215)  loss_mask: 0.1246 (0.1337)  loss_objectness: 0.0004 (0.0009)  loss_rpn_box_reg: 0.0067 (0.0099)  time: 0.6781  data: 0.0011  max mem: 1879
Epoch: [2]  [ 30/120]  eta: 0:01:05  lr: 0.005000  loss: 0.2222 (0.2100)  loss_classifier: 0.0445 (0.0351)  loss_box_reg: 0.0244 (0.0252)  loss_mask: 0.1362 (0.1361)  loss_objectness: 0.0005 (0.0016)  loss_rpn_box_reg: 0.0119 (0.0120)  time: 0.7257  data: 0.0012  max mem: 1879
Epoch: [2]  [ 40/120]  eta: 0:00:57  lr: 0.005000  loss: 0.1889 (0.2003)  loss_classifier: 0.0316 (0.0330)  loss_box_reg: 0.0124 (0.0222)  loss_mask: 0.1110 (0.1298)  loss_objectness: 0.0005 (0.0019)  loss_rpn_box_reg: 0.0119 (0.0135)  time: 0.7035  data: 0.0012  max mem: 1879
Epoch: [2]  [ 50/120]  eta: 0:00:49  lr: 0.005000  loss: 0.1712 (0.2001)  loss_classifier: 0.0189 (0.0320)  loss_box_reg: 0.0072 (0.0216)  loss_mask: 0.1072 (0.1310)  loss_objectness: 0.0004 (0.0018)  loss_rpn_box_reg: 0.0071 (0.0138)  time: 0.6696  data: 0.0011  max mem: 1879
Epoch: [2]  [ 60/120]  eta: 0:00:42  lr: 0.005000  loss: 0.1835 (0.2022)  loss_classifier: 0.0320 (0.0329)  loss_box_reg: 0.0137 (0.0211)  loss_mask: 0.1134 (0.1328)  loss_objectness: 0.0005 (0.0017)  loss_rpn_box_reg: 0.0071 (0.0138)  time: 0.6908  data: 0.0011  max mem: 1879
Epoch: [2]  [ 70/120]  eta: 0:00:35  lr: 0.005000  loss: 0.1841 (0.2023)  loss_classifier: 0.0393 (0.0340)  loss_box_reg: 0.0157 (0.0208)  loss_mask: 0.1190 (0.1324)  loss_objectness: 0.0010 (0.0017)  loss_rpn_box_reg: 0.0112 (0.0135)  time: 0.7134  data: 0.0012  max mem: 1879
Epoch: [2]  [ 80/120]  eta: 0:00:28  lr: 0.005000  loss: 0.1759 (0.1977)  loss_classifier: 0.0249 (0.0330)  loss_box_reg: 0.0149 (0.0197)  loss_mask: 0.1178 (0.1303)  loss_objectness: 0.0010 (0.0017)  loss_rpn_box_reg: 0.0099 (0.0130)  time: 0.6957  data: 0.0012  max mem: 1879
Epoch: [2]  [ 90/120]  eta: 0:00:21  lr: 0.005000  loss: 0.1413 (0.1933)  loss_classifier: 0.0169 (0.0315)  loss_box_reg: 0.0085 (0.0189)  loss_mask: 0.1083 (0.1290)  loss_objectness: 0.0004 (0.0016)  loss_rpn_box_reg: 0.0073 (0.0124)  time: 0.7006  data: 0.0012  max mem: 1879
Epoch: [2]  [100/120]  eta: 0:00:14  lr: 0.005000  loss: 0.1468 (0.1919)  loss_classifier: 0.0169 (0.0305)  loss_box_reg: 0.0085 (0.0189)  loss_mask: 0.1038 (0.1290)  loss_objectness: 0.0003 (0.0015)  loss_rpn_box_reg: 0.0057 (0.0120)  time: 0.6816  data: 0.0011  max mem: 1879
Epoch: [2]  [110/120]  eta: 0:00:06  lr: 0.005000  loss: 0.1632 (0.1912)  loss_classifier: 0.0196 (0.0298)  loss_box_reg: 0.0097 (0.0186)  loss_mask: 0.1201 (0.1293)  loss_objectness: 0.0003 (0.0017)  loss_rpn_box_reg: 0.0068 (0.0117)  time: 0.6760  data: 0.0010  max mem: 1879
Epoch: [2]  [119/120]  eta: 0:00:00  lr: 0.005000  loss: 0.1751 (0.1912)  loss_classifier: 0.0207 (0.0295)  loss_box_reg: 0.0120 (0.0186)  loss_mask: 0.1331 (0.1298)  loss_objectness: 0.0005 (0.0016)  loss_rpn_box_reg: 0.0076 (0.0117)  time: 0.7088  data: 0.0010  max mem: 1879
Epoch: [2] Total time: 0:01:24 (0.7033 s / it)
creating index...
index created!
Test:  [ 0/50]  eta: 0:01:16  model_time: 0.2928 (0.2928)  evaluator_time: 0.0030 (0.0030)  time: 1.5339  data: 1.2351  max mem: 1879
Test:  [49/50]  eta: 0:00:00  model_time: 0.2598 (0.2706)  evaluator_time: 0.0060 (0.0072)  time: 0.2868  data: 0.0010  max mem: 1879
Test: Total time: 0:00:15 (0.3097 s / it)
Averaged stats: model_time: 0.2598 (0.2706)  evaluator_time: 0.0060 (0.0072)
Accumulating evaluation results...
DONE (t=0.02s).
Accumulating evaluation results...
DONE (t=0.02s).
IoU metric: bbox
 Average Precision  (AP) @[ IoU=0.50:0.95 | area=   all | maxDets=100 ] = 0.773
 Average Precision  (AP) @[ IoU=0.50      | area=   all | maxDets=100 ] = 0.964
 Average Precision  (AP) @[ IoU=0.75      | area=   all | maxDets=100 ] = 0.905
 Average Precision  (AP) @[ IoU=0.50:0.95 | area= small | maxDets=100 ] = 0.556
 Average Precision  (AP) @[ IoU=0.50:0.95 | area=medium | maxDets=100 ] = 0.432
 Average Precision  (AP) @[ IoU=0.50:0.95 | area= large | maxDets=100 ] = 0.788
 Average Recall     (AR) @[ IoU=0.50:0.95 | area=   all | maxDets=  1 ] = 0.361
 Average Recall     (AR) @[ IoU=0.50:0.95 | area=   all | maxDets= 10 ] = 0.824
 Average Recall     (AR) @[ IoU=0.50:0.95 | area=   all | maxDets=100 ] = 0.824
 Average Recall     (AR) @[ IoU=0.50:0.95 | area= small | maxDets=100 ] = 0.567
 Average Recall     (AR) @[ IoU=0.50:0.95 | area=medium | maxDets=100 ] = 0.875
 Average Recall     (AR) @[ IoU=0.50:0.95 | area= large | maxDets=100 ] = 0.829
IoU metric: segm
 Average Precision  (AP) @[ IoU=0.50:0.95 | area=   all | maxDets=100 ] = 0.733
 Average Precision  (AP) @[ IoU=0.50      | area=   all | maxDets=100 ] = 0.951
 Average Precision  (AP) @[ IoU=0.75      | area=   all | maxDets=100 ] = 0.853
 Average Precision  (AP) @[ IoU=0.50:0.95 | area= small | maxDets=100 ] = 0.418
 Average Precision  (AP) @[ IoU=0.50:0.95 | area=medium | maxDets=100 ] = 0.363
 Average Precision  (AP) @[ IoU=0.50:0.95 | area= large | maxDets=100 ] = 0.751
 Average Recall     (AR) @[ IoU=0.50:0.95 | area=   all | maxDets=  1 ] = 0.349
 Average Recall     (AR) @[ IoU=0.50:0.95 | area=   all | maxDets= 10 ] = 0.786
 Average Recall     (AR) @[ IoU=0.50:0.95 | area=   all | maxDets=100 ] = 0.787
 Average Recall     (AR) @[ IoU=0.50:0.95 | area= small | maxDets=100 ] = 0.567
 Average Recall     (AR) @[ IoU=0.50:0.95 | area=medium | maxDets=100 ] = 0.750
 Average Recall     (AR) @[ IoU=0.50:0.95 | area= large | maxDets=100 ] = 0.794
3
Epoch: [3]  [  0/120]  eta: 0:03:48  lr: 0.000500  loss: 0.1068 (0.1068)  loss_classifier: 0.0130 (0.0130)  loss_box_reg: 0.0010 (0.0010)  loss_mask: 0.0898 (0.0898)  loss_objectness: 0.0001 (0.0001)  loss_rpn_box_reg: 0.0028 (0.0028)  time: 1.9008  data: 1.2812  max mem: 1879
Epoch: [3]  [ 10/120]  eta: 0:01:31  lr: 0.000500  loss: 0.1354 (0.1739)  loss_classifier: 0.0219 (0.0272)  loss_box_reg: 0.0102 (0.0143)  loss_mask: 0.0986 (0.1183)  loss_objectness: 0.0005 (0.0008)  loss_rpn_box_reg: 0.0088 (0.0133)  time: 0.8318  data: 0.1174  max mem: 1879
Epoch: [3]  [ 20/120]  eta: 0:01:14  lr: 0.000500  loss: 0.1354 (0.1826)  loss_classifier: 0.0174 (0.0220)  loss_box_reg: 0.0053 (0.0116)  loss_mask: 0.1087 (0.1367)  loss_objectness: 0.0005 (0.0011)  loss_rpn_box_reg: 0.0084 (0.0113)  time: 0.6845  data: 0.0011  max mem: 1879
Epoch: [3]  [ 30/120]  eta: 0:01:06  lr: 0.000500  loss: 0.1361 (0.1728)  loss_classifier: 0.0184 (0.0222)  loss_box_reg: 0.0053 (0.0109)  loss_mask: 0.1064 (0.1287)  loss_objectness: 0.0003 (0.0014)  loss_rpn_box_reg: 0.0052 (0.0096)  time: 0.6933  data: 0.0012  max mem: 1879
Epoch: [3]  [ 40/120]  eta: 0:00:59  lr: 0.000500  loss: 0.1376 (0.1749)  loss_classifier: 0.0221 (0.0245)  loss_box_reg: 0.0083 (0.0118)  loss_mask: 0.1049 (0.1277)  loss_objectness: 0.0003 (0.0015)  loss_rpn_box_reg: 0.0075 (0.0094)  time: 0.7342  data: 0.0011  max mem: 1879
Epoch: [3]  [ 50/120]  eta: 0:00:50  lr: 0.000500  loss: 0.1534 (0.1734)  loss_classifier: 0.0179 (0.0236)  loss_box_reg: 0.0100 (0.0114)  loss_mask: 0.1202 (0.1283)  loss_objectness: 0.0003 (0.0014)  loss_rpn_box_reg: 0.0064 (0.0087)  time: 0.7014  data: 0.0011  max mem: 1879
Epoch: [3]  [ 60/120]  eta: 0:00:43  lr: 0.000500  loss: 0.1501 (0.1703)  loss_classifier: 0.0138 (0.0229)  loss_box_reg: 0.0092 (0.0115)  loss_mask: 0.1179 (0.1263)  loss_objectness: 0.0002 (0.0012)  loss_rpn_box_reg: 0.0037 (0.0083)  time: 0.6898  data: 0.0010  max mem: 1879
Epoch: [3]  [ 70/120]  eta: 0:00:35  lr: 0.000500  loss: 0.1377 (0.1662)  loss_classifier: 0.0181 (0.0229)  loss_box_reg: 0.0050 (0.0110)  loss_mask: 0.0986 (0.1227)  loss_objectness: 0.0002 (0.0011)  loss_rpn_box_reg: 0.0067 (0.0085)  time: 0.6961  data: 0.0010  max mem: 1879
Epoch: [3]  [ 80/120]  eta: 0:00:28  lr: 0.000500  loss: 0.1494 (0.1665)  loss_classifier: 0.0211 (0.0237)  loss_box_reg: 0.0066 (0.0113)  loss_mask: 0.1045 (0.1216)  loss_objectness: 0.0004 (0.0010)  loss_rpn_box_reg: 0.0079 (0.0088)  time: 0.7060  data: 0.0012  max mem: 1879
Epoch: [3]  [ 90/120]  eta: 0:00:21  lr: 0.000500  loss: 0.1513 (0.1667)  loss_classifier: 0.0185 (0.0238)  loss_box_reg: 0.0072 (0.0116)  loss_mask: 0.1111 (0.1213)  loss_objectness: 0.0005 (0.0010)  loss_rpn_box_reg: 0.0065 (0.0089)  time: 0.7070  data: 0.0013  max mem: 1879
Epoch: [3]  [100/120]  eta: 0:00:14  lr: 0.000500  loss: 0.1528 (0.1649)  loss_classifier: 0.0177 (0.0235)  loss_box_reg: 0.0073 (0.0113)  loss_mask: 0.1111 (0.1205)  loss_objectness: 0.0004 (0.0010)  loss_rpn_box_reg: 0.0049 (0.0086)  time: 0.7056  data: 0.0014  max mem: 1879
Epoch: [3]  [110/120]  eta: 0:00:07  lr: 0.000500  loss: 0.1520 (0.1659)  loss_classifier: 0.0221 (0.0238)  loss_box_reg: 0.0101 (0.0116)  loss_mask: 0.1122 (0.1208)  loss_objectness: 0.0004 (0.0010)  loss_rpn_box_reg: 0.0046 (0.0087)  time: 0.7265  data: 0.0014  max mem: 1879
Epoch: [3]  [119/120]  eta: 0:00:00  lr: 0.000500  loss: 0.1469 (0.1645)  loss_classifier: 0.0221 (0.0236)  loss_box_reg: 0.0105 (0.0114)  loss_mask: 0.1091 (0.1199)  loss_objectness: 0.0005 (0.0010)  loss_rpn_box_reg: 0.0059 (0.0086)  time: 0.7085  data: 0.0010  max mem: 1879
Epoch: [3] Total time: 0:01:25 (0.7167 s / it)
creating index...
index created!
Test:  [ 0/50]  eta: 0:01:19  model_time: 0.2898 (0.2898)  evaluator_time: 0.0020 (0.0020)  time: 1.5857  data: 1.2899  max mem: 1879
Test:  [49/50]  eta: 0:00:00  model_time: 0.2568 (0.2678)  evaluator_time: 0.0060 (0.0062)  time: 0.2844  data: 0.0011  max mem: 1879
Test: Total time: 0:00:15 (0.3067 s / it)
Averaged stats: model_time: 0.2568 (0.2678)  evaluator_time: 0.0060 (0.0062)
Accumulating evaluation results...
DONE (t=0.02s).
Accumulating evaluation results...
DONE (t=0.02s).
IoU metric: bbox
 Average Precision  (AP) @[ IoU=0.50:0.95 | area=   all | maxDets=100 ] = 0.792
 Average Precision  (AP) @[ IoU=0.50      | area=   all | maxDets=100 ] = 0.968
 Average Precision  (AP) @[ IoU=0.75      | area=   all | maxDets=100 ] = 0.902
 Average Precision  (AP) @[ IoU=0.50:0.95 | area= small | maxDets=100 ] = 0.478
 Average Precision  (AP) @[ IoU=0.50:0.95 | area=medium | maxDets=100 ] = 0.388
 Average Precision  (AP) @[ IoU=0.50:0.95 | area= large | maxDets=100 ] = 0.805
 Average Recall     (AR) @[ IoU=0.50:0.95 | area=   all | maxDets=  1 ] = 0.374
 Average Recall     (AR) @[ IoU=0.50:0.95 | area=   all | maxDets= 10 ] = 0.838
 Average Recall     (AR) @[ IoU=0.50:0.95 | area=   all | maxDets=100 ] = 0.838
 Average Recall     (AR) @[ IoU=0.50:0.95 | area= small | maxDets=100 ] = 0.567
 Average Recall     (AR) @[ IoU=0.50:0.95 | area=medium | maxDets=100 ] = 0.800
 Average Recall     (AR) @[ IoU=0.50:0.95 | area= large | maxDets=100 ] = 0.846
IoU metric: segm
 Average Precision  (AP) @[ IoU=0.50:0.95 | area=   all | maxDets=100 ] = 0.759
 Average Precision  (AP) @[ IoU=0.50      | area=   all | maxDets=100 ] = 0.968
 Average Precision  (AP) @[ IoU=0.75      | area=   all | maxDets=100 ] = 0.896
 Average Precision  (AP) @[ IoU=0.50:0.95 | area= small | maxDets=100 ] = 0.394
 Average Precision  (AP) @[ IoU=0.50:0.95 | area=medium | maxDets=100 ] = 0.420
 Average Precision  (AP) @[ IoU=0.50:0.95 | area= large | maxDets=100 ] = 0.771
 Average Recall     (AR) @[ IoU=0.50:0.95 | area=   all | maxDets=  1 ] = 0.351
 Average Recall     (AR) @[ IoU=0.50:0.95 | area=   all | maxDets= 10 ] = 0.803
 Average Recall     (AR) @[ IoU=0.50:0.95 | area=   all | maxDets=100 ] = 0.803
 Average Recall     (AR) @[ IoU=0.50:0.95 | area= small | maxDets=100 ] = 0.567
 Average Recall     (AR) @[ IoU=0.50:0.95 | area=medium | maxDets=100 ] = 0.800
 Average Recall     (AR) @[ IoU=0.50:0.95 | area= large | maxDets=100 ] = 0.810
4
Epoch: [4]  [  0/120]  eta: 0:03:46  lr: 0.000500  loss: 0.1610 (0.1610)  loss_classifier: 0.0252 (0.0252)  loss_box_reg: 0.0049 (0.0049)  loss_mask: 0.1283 (0.1283)  loss_objectness: 0.0001 (0.0001)  loss_rpn_box_reg: 0.0026 (0.0026)  time: 1.8902  data: 1.2936  max mem: 1879
Epoch: [4]  [ 10/120]  eta: 0:01:30  lr: 0.000500  loss: 0.1391 (0.1692)  loss_classifier: 0.0166 (0.0288)  loss_box_reg: 0.0069 (0.0125)  loss_mask: 0.1065 (0.1187)  loss_objectness: 0.0003 (0.0007)  loss_rpn_box_reg: 0.0040 (0.0086)  time: 0.8216  data: 0.1186  max mem: 1879
Epoch: [4]  [ 20/120]  eta: 0:01:15  lr: 0.000500  loss: 0.1296 (0.1570)  loss_classifier: 0.0153 (0.0238)  loss_box_reg: 0.0063 (0.0116)  loss_mask: 0.1055 (0.1123)  loss_objectness: 0.0003 (0.0008)  loss_rpn_box_reg: 0.0041 (0.0086)  time: 0.6974  data: 0.0011  max mem: 1879
Epoch: [4]  [ 30/120]  eta: 0:01:05  lr: 0.000500  loss: 0.1223 (0.1518)  loss_classifier: 0.0146 (0.0231)  loss_box_reg: 0.0037 (0.0103)  loss_mask: 0.1022 (0.1098)  loss_objectness: 0.0002 (0.0006)  loss_rpn_box_reg: 0.0038 (0.0080)  time: 0.6794  data: 0.0012  max mem: 1879
Epoch: [4]  [ 40/120]  eta: 0:00:57  lr: 0.000500  loss: 0.1255 (0.1524)  loss_classifier: 0.0146 (0.0228)  loss_box_reg: 0.0042 (0.0103)  loss_mask: 0.1025 (0.1106)  loss_objectness: 0.0003 (0.0006)  loss_rpn_box_reg: 0.0045 (0.0081)  time: 0.6882  data: 0.0012  max mem: 1879
Epoch: [4]  [ 50/120]  eta: 0:00:50  lr: 0.000500  loss: 0.1255 (0.1494)  loss_classifier: 0.0136 (0.0217)  loss_box_reg: 0.0043 (0.0099)  loss_mask: 0.1051 (0.1097)  loss_objectness: 0.0003 (0.0006)  loss_rpn_box_reg: 0.0045 (0.0075)  time: 0.6953  data: 0.0011  max mem: 1879
Epoch: [4]  [ 60/120]  eta: 0:00:43  lr: 0.000500  loss: 0.1289 (0.1542)  loss_classifier: 0.0218 (0.0237)  loss_box_reg: 0.0064 (0.0109)  loss_mask: 0.1038 (0.1112)  loss_objectness: 0.0002 (0.0006)  loss_rpn_box_reg: 0.0044 (0.0078)  time: 0.7095  data: 0.0010  max mem: 1879
Epoch: [4]  [ 70/120]  eta: 0:00:36  lr: 0.000500  loss: 0.1694 (0.1575)  loss_classifier: 0.0306 (0.0244)  loss_box_reg: 0.0069 (0.0112)  loss_mask: 0.1072 (0.1133)  loss_objectness: 0.0004 (0.0007)  loss_rpn_box_reg: 0.0066 (0.0078)  time: 0.7382  data: 0.0012  max mem: 1879
Epoch: [4]  [ 80/120]  eta: 0:00:28  lr: 0.000500  loss: 0.1468 (0.1571)  loss_classifier: 0.0233 (0.0239)  loss_box_reg: 0.0064 (0.0108)  loss_mask: 0.1101 (0.1140)  loss_objectness: 0.0003 (0.0008)  loss_rpn_box_reg: 0.0063 (0.0076)  time: 0.7350  data: 0.0012  max mem: 1879
Epoch: [4]  [ 90/120]  eta: 0:00:21  lr: 0.000500  loss: 0.1406 (0.1574)  loss_classifier: 0.0187 (0.0243)  loss_box_reg: 0.0064 (0.0110)  loss_mask: 0.1027 (0.1136)  loss_objectness: 0.0002 (0.0008)  loss_rpn_box_reg: 0.0060 (0.0077)  time: 0.7305  data: 0.0012  max mem: 1879
Epoch: [4]  [100/120]  eta: 0:00:14  lr: 0.000500  loss: 0.1562 (0.1590)  loss_classifier: 0.0187 (0.0239)  loss_box_reg: 0.0093 (0.0113)  loss_mask: 0.1191 (0.1151)  loss_objectness: 0.0004 (0.0007)  loss_rpn_box_reg: 0.0079 (0.0080)  time: 0.7224  data: 0.0012  max mem: 1879
Epoch: [4]  [110/120]  eta: 0:00:07  lr: 0.000500  loss: 0.1543 (0.1584)  loss_classifier: 0.0222 (0.0240)  loss_box_reg: 0.0101 (0.0112)  loss_mask: 0.1108 (0.1143)  loss_objectness: 0.0004 (0.0008)  loss_rpn_box_reg: 0.0055 (0.0081)  time: 0.7034  data: 0.0011  max mem: 1879
Epoch: [4]  [119/120]  eta: 0:00:00  lr: 0.000500  loss: 0.1470 (0.1576)  loss_classifier: 0.0228 (0.0238)  loss_box_reg: 0.0085 (0.0111)  loss_mask: 0.1088 (0.1139)  loss_objectness: 0.0003 (0.0008)  loss_rpn_box_reg: 0.0055 (0.0080)  time: 0.6868  data: 0.0010  max mem: 1879
Epoch: [4] Total time: 0:01:26 (0.7173 s / it)
creating index...
index created!
Test:  [ 0/50]  eta: 0:01:17  model_time: 0.2958 (0.2958)  evaluator_time: 0.0030 (0.0030)  time: 1.5454  data: 1.2436  max mem: 1879
Test:  [49/50]  eta: 0:00:00  model_time: 0.2618 (0.2695)  evaluator_time: 0.0060 (0.0060)  time: 0.2860  data: 0.0010  max mem: 1879
Test: Total time: 0:00:15 (0.3075 s / it)
Averaged stats: model_time: 0.2618 (0.2695)  evaluator_time: 0.0060 (0.0060)
Accumulating evaluation results...
DONE (t=0.02s).
Accumulating evaluation results...
DONE (t=0.02s).
IoU metric: bbox
 Average Precision  (AP) @[ IoU=0.50:0.95 | area=   all | maxDets=100 ] = 0.795
 Average Precision  (AP) @[ IoU=0.50      | area=   all | maxDets=100 ] = 0.969
 Average Precision  (AP) @[ IoU=0.75      | area=   all | maxDets=100 ] = 0.925
 Average Precision  (AP) @[ IoU=0.50:0.95 | area= small | maxDets=100 ] = 0.478
 Average Precision  (AP) @[ IoU=0.50:0.95 | area=medium | maxDets=100 ] = 0.366
 Average Precision  (AP) @[ IoU=0.50:0.95 | area= large | maxDets=100 ] = 0.811
 Average Recall     (AR) @[ IoU=0.50:0.95 | area=   all | maxDets=  1 ] = 0.376
 Average Recall     (AR) @[ IoU=0.50:0.95 | area=   all | maxDets= 10 ] = 0.841
 Average Recall     (AR) @[ IoU=0.50:0.95 | area=   all | maxDets=100 ] = 0.841
 Average Recall     (AR) @[ IoU=0.50:0.95 | area= small | maxDets=100 ] = 0.567
 Average Recall     (AR) @[ IoU=0.50:0.95 | area=medium | maxDets=100 ] = 0.775
 Average Recall     (AR) @[ IoU=0.50:0.95 | area= large | maxDets=100 ] = 0.851
IoU metric: segm
 Average Precision  (AP) @[ IoU=0.50:0.95 | area=   all | maxDets=100 ] = 0.769
 Average Precision  (AP) @[ IoU=0.50      | area=   all | maxDets=100 ] = 0.968
 Average Precision  (AP) @[ IoU=0.75      | area=   all | maxDets=100 ] = 0.887
 Average Precision  (AP) @[ IoU=0.50:0.95 | area= small | maxDets=100 ] = 0.449
 Average Precision  (AP) @[ IoU=0.50:0.95 | area=medium | maxDets=100 ] = 0.329
 Average Precision  (AP) @[ IoU=0.50:0.95 | area= large | maxDets=100 ] = 0.783
 Average Recall     (AR) @[ IoU=0.50:0.95 | area=   all | maxDets=  1 ] = 0.358
 Average Recall     (AR) @[ IoU=0.50:0.95 | area=   all | maxDets= 10 ] = 0.808
 Average Recall     (AR) @[ IoU=0.50:0.95 | area=   all | maxDets=100 ] = 0.808
 Average Recall     (AR) @[ IoU=0.50:0.95 | area= small | maxDets=100 ] = 0.600
 Average Recall     (AR) @[ IoU=0.50:0.95 | area=medium | maxDets=100 ] = 0.800
 Average Recall     (AR) @[ IoU=0.50:0.95 | area= large | maxDets=100 ] = 0.814
5
Epoch: [5]  [  0/120]  eta: 0:04:01  lr: 0.000500  loss: 0.1131 (0.1131)  loss_classifier: 0.0077 (0.0077)  loss_box_reg: 0.0011 (0.0011)  loss_mask: 0.1004 (0.1004)  loss_objectness: 0.0001 (0.0001)  loss_rpn_box_reg: 0.0038 (0.0038)  time: 2.0164  data: 1.3060  max mem: 1879
Epoch: [5]  [ 10/120]  eta: 0:01:21  lr: 0.000500  loss: 0.1131 (0.1254)  loss_classifier: 0.0077 (0.0180)  loss_box_reg: 0.0034 (0.0060)  loss_mask: 0.0970 (0.0956)  loss_objectness: 0.0002 (0.0010)  loss_rpn_box_reg: 0.0038 (0.0048)  time: 0.7424  data: 0.1195  max mem: 1879
Epoch: [5]  [ 20/120]  eta: 0:01:13  lr: 0.000500  loss: 0.1172 (0.1316)  loss_classifier: 0.0127 (0.0194)  loss_box_reg: 0.0045 (0.0074)  loss_mask: 0.0970 (0.0990)  loss_objectness: 0.0002 (0.0007)  loss_rpn_box_reg: 0.0029 (0.0052)  time: 0.6707  data: 0.0010  max mem: 1879
Epoch: [5]  [ 30/120]  eta: 0:01:05  lr: 0.000500  loss: 0.1186 (0.1332)  loss_classifier: 0.0127 (0.0195)  loss_box_reg: 0.0045 (0.0071)  loss_mask: 0.1022 (0.1002)  loss_objectness: 0.0003 (0.0007)  loss_rpn_box_reg: 0.0033 (0.0057)  time: 0.7242  data: 0.0010  max mem: 1879
Epoch: [5]  [ 40/120]  eta: 0:00:59  lr: 0.000500  loss: 0.1238 (0.1382)  loss_classifier: 0.0160 (0.0205)  loss_box_reg: 0.0047 (0.0080)  loss_mask: 0.1022 (0.1025)  loss_objectness: 0.0003 (0.0008)  loss_rpn_box_reg: 0.0053 (0.0064)  time: 0.7514  data: 0.0012  max mem: 1879
Epoch: [5]  [ 50/120]  eta: 0:00:52  lr: 0.000500  loss: 0.1575 (0.1487)  loss_classifier: 0.0274 (0.0229)  loss_box_reg: 0.0077 (0.0093)  loss_mask: 0.1127 (0.1084)  loss_objectness: 0.0004 (0.0008)  loss_rpn_box_reg: 0.0068 (0.0073)  time: 0.7750  data: 0.0012  max mem: 1879
Epoch: [5]  [ 60/120]  eta: 0:00:44  lr: 0.000500  loss: 0.1418 (0.1470)  loss_classifier: 0.0174 (0.0216)  loss_box_reg: 0.0057 (0.0089)  loss_mask: 0.1022 (0.1090)  loss_objectness: 0.0002 (0.0007)  loss_rpn_box_reg: 0.0059 (0.0068)  time: 0.7487  data: 0.0011  max mem: 1879
Epoch: [5]  [ 70/120]  eta: 0:00:36  lr: 0.000500  loss: 0.1089 (0.1467)  loss_classifier: 0.0131 (0.0215)  loss_box_reg: 0.0031 (0.0092)  loss_mask: 0.0960 (0.1083)  loss_objectness: 0.0002 (0.0008)  loss_rpn_box_reg: 0.0024 (0.0070)  time: 0.6953  data: 0.0012  max mem: 1879
Epoch: [5]  [ 80/120]  eta: 0:00:29  lr: 0.000500  loss: 0.1259 (0.1478)  loss_classifier: 0.0156 (0.0220)  loss_box_reg: 0.0072 (0.0092)  loss_mask: 0.0975 (0.1086)  loss_objectness: 0.0003 (0.0008)  loss_rpn_box_reg: 0.0057 (0.0072)  time: 0.7110  data: 0.0012  max mem: 1879
Epoch: [5]  [ 90/120]  eta: 0:00:22  lr: 0.000500  loss: 0.1392 (0.1480)  loss_classifier: 0.0154 (0.0214)  loss_box_reg: 0.0074 (0.0092)  loss_mask: 0.1045 (0.1095)  loss_objectness: 0.0002 (0.0007)  loss_rpn_box_reg: 0.0055 (0.0071)  time: 0.7440  data: 0.0010  max mem: 1879
Epoch: [5]  [100/120]  eta: 0:00:14  lr: 0.000500  loss: 0.1428 (0.1473)  loss_classifier: 0.0179 (0.0215)  loss_box_reg: 0.0060 (0.0089)  loss_mask: 0.1050 (0.1091)  loss_objectness: 0.0003 (0.0007)  loss_rpn_box_reg: 0.0052 (0.0070)  time: 0.7187  data: 0.0012  max mem: 1879
Epoch: [5]  [110/120]  eta: 0:00:07  lr: 0.000500  loss: 0.1537 (0.1508)  loss_classifier: 0.0257 (0.0226)  loss_box_reg: 0.0085 (0.0096)  loss_mask: 0.1052 (0.1104)  loss_objectness: 0.0004 (0.0008)  loss_rpn_box_reg: 0.0058 (0.0075)  time: 0.7347  data: 0.0012  max mem: 1879
Epoch: [5]  [119/120]  eta: 0:00:00  lr: 0.000500  loss: 0.1537 (0.1518)  loss_classifier: 0.0251 (0.0224)  loss_box_reg: 0.0092 (0.0096)  loss_mask: 0.1077 (0.1114)  loss_objectness: 0.0003 (0.0007)  loss_rpn_box_reg: 0.0070 (0.0077)  time: 0.7290  data: 0.0012  max mem: 1879
Epoch: [5] Total time: 0:01:28 (0.7343 s / it)
creating index...
index created!
Test:  [ 0/50]  eta: 0:01:18  model_time: 0.2958 (0.2958)  evaluator_time: 0.0030 (0.0030)  time: 1.5658  data: 1.2650  max mem: 1879
Test:  [49/50]  eta: 0:00:00  model_time: 0.2628 (0.2723)  evaluator_time: 0.0060 (0.0061)  time: 0.2876  data: 0.0010  max mem: 1879
Test: Total time: 0:00:15 (0.3107 s / it)
Averaged stats: model_time: 0.2628 (0.2723)  evaluator_time: 0.0060 (0.0061)
Accumulating evaluation results...
DONE (t=0.02s).
Accumulating evaluation results...
DONE (t=0.02s).
IoU metric: bbox
 Average Precision  (AP) @[ IoU=0.50:0.95 | area=   all | maxDets=100 ] = 0.793
 Average Precision  (AP) @[ IoU=0.50      | area=   all | maxDets=100 ] = 0.967
 Average Precision  (AP) @[ IoU=0.75      | area=   all | maxDets=100 ] = 0.921
 Average Precision  (AP) @[ IoU=0.50:0.95 | area= small | maxDets=100 ] = 0.414
 Average Precision  (AP) @[ IoU=0.50:0.95 | area=medium | maxDets=100 ] = 0.375
 Average Precision  (AP) @[ IoU=0.50:0.95 | area= large | maxDets=100 ] = 0.806
 Average Recall     (AR) @[ IoU=0.50:0.95 | area=   all | maxDets=  1 ] = 0.373
 Average Recall     (AR) @[ IoU=0.50:0.95 | area=   all | maxDets= 10 ] = 0.836
 Average Recall     (AR) @[ IoU=0.50:0.95 | area=   all | maxDets=100 ] = 0.836
 Average Recall     (AR) @[ IoU=0.50:0.95 | area= small | maxDets=100 ] = 0.567
 Average Recall     (AR) @[ IoU=0.50:0.95 | area=medium | maxDets=100 ] = 0.800
 Average Recall     (AR) @[ IoU=0.50:0.95 | area= large | maxDets=100 ] = 0.845
IoU metric: segm
 Average Precision  (AP) @[ IoU=0.50:0.95 | area=   all | maxDets=100 ] = 0.762
 Average Precision  (AP) @[ IoU=0.50      | area=   all | maxDets=100 ] = 0.958
 Average Precision  (AP) @[ IoU=0.75      | area=   all | maxDets=100 ] = 0.894
 Average Precision  (AP) @[ IoU=0.50:0.95 | area= small | maxDets=100 ] = 0.360
 Average Precision  (AP) @[ IoU=0.50:0.95 | area=medium | maxDets=100 ] = 0.352
 Average Precision  (AP) @[ IoU=0.50:0.95 | area= large | maxDets=100 ] = 0.777
 Average Recall     (AR) @[ IoU=0.50:0.95 | area=   all | maxDets=  1 ] = 0.350
 Average Recall     (AR) @[ IoU=0.50:0.95 | area=   all | maxDets= 10 ] = 0.803
 Average Recall     (AR) @[ IoU=0.50:0.95 | area=   all | maxDets=100 ] = 0.803
 Average Recall     (AR) @[ IoU=0.50:0.95 | area= small | maxDets=100 ] = 0.533
 Average Recall     (AR) @[ IoU=0.50:0.95 | area=medium | maxDets=100 ] = 0.775
 Average Recall     (AR) @[ IoU=0.50:0.95 | area= large | maxDets=100 ] = 0.812
6
Epoch: [6]  [  0/120]  eta: 0:04:02  lr: 0.000050  loss: 0.1299 (0.1299)  loss_classifier: 0.0177 (0.0177)  loss_box_reg: 0.0090 (0.0090)  loss_mask: 0.0967 (0.0967)  loss_objectness: 0.0002 (0.0002)  loss_rpn_box_reg: 0.0062 (0.0062)  time: 2.0193  data: 1.3328  max mem: 1879
Epoch: [6]  [ 10/120]  eta: 0:01:25  lr: 0.000050  loss: 0.1555 (0.1574)  loss_classifier: 0.0222 (0.0207)  loss_box_reg: 0.0090 (0.0106)  loss_mask: 0.1168 (0.1174)  loss_objectness: 0.0002 (0.0004)  loss_rpn_box_reg: 0.0076 (0.0082)  time: 0.7818  data: 0.1220  max mem: 1879
Epoch: [6]  [ 20/120]  eta: 0:01:14  lr: 0.000050  loss: 0.1497 (0.1484)  loss_classifier: 0.0222 (0.0216)  loss_box_reg: 0.0079 (0.0087)  loss_mask: 0.1037 (0.1107)  loss_objectness: 0.0003 (0.0004)  loss_rpn_box_reg: 0.0056 (0.0069)  time: 0.6784  data: 0.0010  max mem: 1879
Epoch: [6]  [ 30/120]  eta: 0:01:05  lr: 0.000050  loss: 0.1356 (0.1467)  loss_classifier: 0.0179 (0.0213)  loss_box_reg: 0.0052 (0.0087)  loss_mask: 0.1010 (0.1090)  loss_objectness: 0.0003 (0.0006)  loss_rpn_box_reg: 0.0034 (0.0071)  time: 0.7048  data: 0.0011  max mem: 1879
Epoch: [6]  [ 40/120]  eta: 0:00:58  lr: 0.000050  loss: 0.1255 (0.1429)  loss_classifier: 0.0120 (0.0206)  loss_box_reg: 0.0037 (0.0079)  loss_mask: 0.0981 (0.1071)  loss_objectness: 0.0002 (0.0005)  loss_rpn_box_reg: 0.0034 (0.0068)  time: 0.7106  data: 0.0012  max mem: 1879
Epoch: [6]  [ 50/120]  eta: 0:00:50  lr: 0.000050  loss: 0.1166 (0.1424)  loss_classifier: 0.0164 (0.0208)  loss_box_reg: 0.0042 (0.0079)  loss_mask: 0.0960 (0.1062)  loss_objectness: 0.0002 (0.0008)  loss_rpn_box_reg: 0.0035 (0.0066)  time: 0.7218  data: 0.0013  max mem: 1879
Epoch: [6]  [ 60/120]  eta: 0:00:44  lr: 0.000050  loss: 0.1336 (0.1489)  loss_classifier: 0.0213 (0.0227)  loss_box_reg: 0.0054 (0.0094)  loss_mask: 0.1011 (0.1086)  loss_objectness: 0.0004 (0.0008)  loss_rpn_box_reg: 0.0064 (0.0075)  time: 0.7481  data: 0.0011  max mem: 1879
Epoch: [6]  [ 70/120]  eta: 0:00:36  lr: 0.000050  loss: 0.1353 (0.1487)  loss_classifier: 0.0210 (0.0227)  loss_box_reg: 0.0087 (0.0094)  loss_mask: 0.1060 (0.1081)  loss_objectness: 0.0002 (0.0007)  loss_rpn_box_reg: 0.0068 (0.0077)  time: 0.7438  data: 0.0011  max mem: 1879
Epoch: [6]  [ 80/120]  eta: 0:00:29  lr: 0.000050  loss: 0.1353 (0.1477)  loss_classifier: 0.0172 (0.0225)  loss_box_reg: 0.0064 (0.0090)  loss_mask: 0.0951 (0.1081)  loss_objectness: 0.0002 (0.0007)  loss_rpn_box_reg: 0.0057 (0.0075)  time: 0.7397  data: 0.0012  max mem: 1879
Epoch: [6]  [ 90/120]  eta: 0:00:22  lr: 0.000050  loss: 0.1435 (0.1488)  loss_classifier: 0.0207 (0.0229)  loss_box_reg: 0.0064 (0.0091)  loss_mask: 0.0986 (0.1087)  loss_objectness: 0.0003 (0.0007)  loss_rpn_box_reg: 0.0057 (0.0076)  time: 0.7407  data: 0.0012  max mem: 1879
Epoch: [6]  [100/120]  eta: 0:00:14  lr: 0.000050  loss: 0.1501 (0.1493)  loss_classifier: 0.0226 (0.0229)  loss_box_reg: 0.0085 (0.0091)  loss_mask: 0.1045 (0.1091)  loss_objectness: 0.0003 (0.0007)  loss_rpn_box_reg: 0.0055 (0.0076)  time: 0.7483  data: 0.0012  max mem: 1879
Epoch: [6]  [110/120]  eta: 0:00:07  lr: 0.000050  loss: 0.1389 (0.1476)  loss_classifier: 0.0198 (0.0224)  loss_box_reg: 0.0056 (0.0087)  loss_mask: 0.1041 (0.1087)  loss_objectness: 0.0002 (0.0007)  loss_rpn_box_reg: 0.0051 (0.0073)  time: 0.7360  data: 0.0012  max mem: 1879
Epoch: [6]  [119/120]  eta: 0:00:00  lr: 0.000050  loss: 0.1222 (0.1474)  loss_classifier: 0.0110 (0.0220)  loss_box_reg: 0.0039 (0.0087)  loss_mask: 0.1013 (0.1087)  loss_objectness: 0.0002 (0.0006)  loss_rpn_box_reg: 0.0051 (0.0073)  time: 0.7011  data: 0.0011  max mem: 1879
Epoch: [6] Total time: 0:01:28 (0.7339 s / it)
creating index...
index created!
Test:  [ 0/50]  eta: 0:01:16  model_time: 0.2868 (0.2868)  evaluator_time: 0.0030 (0.0030)  time: 1.5241  data: 1.2324  max mem: 1879
Test:  [49/50]  eta: 0:00:00  model_time: 0.2638 (0.2727)  evaluator_time: 0.0060 (0.0062)  time: 0.2891  data: 0.0011  max mem: 1879
Test: Total time: 0:00:15 (0.3101 s / it)
Averaged stats: model_time: 0.2638 (0.2727)  evaluator_time: 0.0060 (0.0062)
Accumulating evaluation results...
DONE (t=0.02s).
Accumulating evaluation results...
DONE (t=0.02s).
IoU metric: bbox
 Average Precision  (AP) @[ IoU=0.50:0.95 | area=   all | maxDets=100 ] = 0.799
 Average Precision  (AP) @[ IoU=0.50      | area=   all | maxDets=100 ] = 0.967
 Average Precision  (AP) @[ IoU=0.75      | area=   all | maxDets=100 ] = 0.901
 Average Precision  (AP) @[ IoU=0.50:0.95 | area= small | maxDets=100 ] = 0.414
 Average Precision  (AP) @[ IoU=0.50:0.95 | area=medium | maxDets=100 ] = 0.366
 Average Precision  (AP) @[ IoU=0.50:0.95 | area= large | maxDets=100 ] = 0.813
 Average Recall     (AR) @[ IoU=0.50:0.95 | area=   all | maxDets=  1 ] = 0.374
 Average Recall     (AR) @[ IoU=0.50:0.95 | area=   all | maxDets= 10 ] = 0.847
 Average Recall     (AR) @[ IoU=0.50:0.95 | area=   all | maxDets=100 ] = 0.847
 Average Recall     (AR) @[ IoU=0.50:0.95 | area= small | maxDets=100 ] = 0.567
 Average Recall     (AR) @[ IoU=0.50:0.95 | area=medium | maxDets=100 ] = 0.775
 Average Recall     (AR) @[ IoU=0.50:0.95 | area= large | maxDets=100 ] = 0.857
IoU metric: segm
 Average Precision  (AP) @[ IoU=0.50:0.95 | area=   all | maxDets=100 ] = 0.763
 Average Precision  (AP) @[ IoU=0.50      | area=   all | maxDets=100 ] = 0.958
 Average Precision  (AP) @[ IoU=0.75      | area=   all | maxDets=100 ] = 0.894
 Average Precision  (AP) @[ IoU=0.50:0.95 | area= small | maxDets=100 ] = 0.360
 Average Precision  (AP) @[ IoU=0.50:0.95 | area=medium | maxDets=100 ] = 0.363
 Average Precision  (AP) @[ IoU=0.50:0.95 | area= large | maxDets=100 ] = 0.777
 Average Recall     (AR) @[ IoU=0.50:0.95 | area=   all | maxDets=  1 ] = 0.351
 Average Recall     (AR) @[ IoU=0.50:0.95 | area=   all | maxDets= 10 ] = 0.804
 Average Recall     (AR) @[ IoU=0.50:0.95 | area=   all | maxDets=100 ] = 0.804
 Average Recall     (AR) @[ IoU=0.50:0.95 | area= small | maxDets=100 ] = 0.533
 Average Recall     (AR) @[ IoU=0.50:0.95 | area=medium | maxDets=100 ] = 0.800
 Average Recall     (AR) @[ IoU=0.50:0.95 | area= large | maxDets=100 ] = 0.812
7
Epoch: [7]  [  0/120]  eta: 0:03:46  lr: 0.000050  loss: 0.1097 (0.1097)  loss_classifier: 0.0160 (0.0160)  loss_box_reg: 0.0069 (0.0069)  loss_mask: 0.0816 (0.0816)  loss_objectness: 0.0001 (0.0001)  loss_rpn_box_reg: 0.0052 (0.0052)  time: 1.8868  data: 1.2391  max mem: 1879
Epoch: [7]  [ 10/120]  eta: 0:01:26  lr: 0.000050  loss: 0.1075 (0.1104)  loss_classifier: 0.0107 (0.0116)  loss_box_reg: 0.0033 (0.0040)  loss_mask: 0.0858 (0.0912)  loss_objectness: 0.0001 (0.0004)  loss_rpn_box_reg: 0.0035 (0.0032)  time: 0.7819  data: 0.1137  max mem: 1879
Epoch: [7]  [ 20/120]  eta: 0:01:19  lr: 0.000050  loss: 0.1228 (0.1286)  loss_classifier: 0.0145 (0.0190)  loss_box_reg: 0.0033 (0.0065)  loss_mask: 0.0983 (0.0970)  loss_objectness: 0.0001 (0.0004)  loss_rpn_box_reg: 0.0035 (0.0058)  time: 0.7408  data: 0.0011  max mem: 1879
Epoch: [7]  [ 30/120]  eta: 0:01:08  lr: 0.000050  loss: 0.1381 (0.1402)  loss_classifier: 0.0178 (0.0203)  loss_box_reg: 0.0077 (0.0084)  loss_mask: 0.1023 (0.1043)  loss_objectness: 0.0004 (0.0006)  loss_rpn_box_reg: 0.0050 (0.0065)  time: 0.7511  data: 0.0011  max mem: 1879
Epoch: [7]  [ 40/120]  eta: 0:01:01  lr: 0.000050  loss: 0.1371 (0.1456)  loss_classifier: 0.0181 (0.0218)  loss_box_reg: 0.0053 (0.0090)  loss_mask: 0.1035 (0.1076)  loss_objectness: 0.0003 (0.0005)  loss_rpn_box_reg: 0.0050 (0.0067)  time: 0.7315  data: 0.0012  max mem: 1879
Epoch: [7]  [ 50/120]  eta: 0:00:53  lr: 0.000050  loss: 0.1338 (0.1474)  loss_classifier: 0.0182 (0.0216)  loss_box_reg: 0.0051 (0.0096)  loss_mask: 0.1035 (0.1084)  loss_objectness: 0.0002 (0.0005)  loss_rpn_box_reg: 0.0062 (0.0072)  time: 0.7537  data: 0.0013  max mem: 1879
Epoch: [7]  [ 60/120]  eta: 0:00:44  lr: 0.000050  loss: 0.1311 (0.1460)  loss_classifier: 0.0152 (0.0210)  loss_box_reg: 0.0044 (0.0091)  loss_mask: 0.1002 (0.1082)  loss_objectness: 0.0003 (0.0005)  loss_rpn_box_reg: 0.0062 (0.0073)  time: 0.7094  data: 0.0012  max mem: 1879
Epoch: [7]  [ 70/120]  eta: 0:00:37  lr: 0.000050  loss: 0.1354 (0.1458)  loss_classifier: 0.0147 (0.0216)  loss_box_reg: 0.0048 (0.0088)  loss_mask: 0.0967 (0.1078)  loss_objectness: 0.0002 (0.0004)  loss_rpn_box_reg: 0.0058 (0.0071)  time: 0.7035  data: 0.0012  max mem: 1879
Epoch: [7]  [ 80/120]  eta: 0:00:29  lr: 0.000050  loss: 0.1468 (0.1459)  loss_classifier: 0.0138 (0.0210)  loss_box_reg: 0.0056 (0.0086)  loss_mask: 0.1068 (0.1090)  loss_objectness: 0.0001 (0.0004)  loss_rpn_box_reg: 0.0044 (0.0069)  time: 0.7038  data: 0.0012  max mem: 1879
Epoch: [7]  [ 90/120]  eta: 0:00:22  lr: 0.000050  loss: 0.1335 (0.1472)  loss_classifier: 0.0142 (0.0211)  loss_box_reg: 0.0067 (0.0088)  loss_mask: 0.1080 (0.1096)  loss_objectness: 0.0003 (0.0005)  loss_rpn_box_reg: 0.0054 (0.0072)  time: 0.7118  data: 0.0011  max mem: 1879
Epoch: [7]  [100/120]  eta: 0:00:14  lr: 0.000050  loss: 0.1267 (0.1467)  loss_classifier: 0.0178 (0.0208)  loss_box_reg: 0.0061 (0.0086)  loss_mask: 0.1006 (0.1099)  loss_objectness: 0.0004 (0.0005)  loss_rpn_box_reg: 0.0054 (0.0070)  time: 0.7001  data: 0.0010  max mem: 1879
Epoch: [7]  [110/120]  eta: 0:00:07  lr: 0.000050  loss: 0.1337 (0.1484)  loss_classifier: 0.0230 (0.0218)  loss_box_reg: 0.0056 (0.0087)  loss_mask: 0.1013 (0.1102)  loss_objectness: 0.0001 (0.0005)  loss_rpn_box_reg: 0.0032 (0.0072)  time: 0.6765  data: 0.0011  max mem: 1879
Epoch: [7]  [119/120]  eta: 0:00:00  lr: 0.000050  loss: 0.1374 (0.1477)  loss_classifier: 0.0223 (0.0217)  loss_box_reg: 0.0068 (0.0087)  loss_mask: 0.1013 (0.1098)  loss_objectness: 0.0002 (0.0005)  loss_rpn_box_reg: 0.0054 (0.0071)  time: 0.7163  data: 0.0011  max mem: 1879
Epoch: [7] Total time: 0:01:27 (0.7289 s / it)
creating index...
index created!
Test:  [ 0/50]  eta: 0:01:16  model_time: 0.2988 (0.2988)  evaluator_time: 0.0030 (0.0030)  time: 1.5259  data: 1.2221  max mem: 1879
Test:  [49/50]  eta: 0:00:00  model_time: 0.2628 (0.2713)  evaluator_time: 0.0060 (0.0059)  time: 0.2897  data: 0.0011  max mem: 1879
Test: Total time: 0:00:15 (0.3084 s / it)
Averaged stats: model_time: 0.2628 (0.2713)  evaluator_time: 0.0060 (0.0059)
Accumulating evaluation results...
DONE (t=0.02s).
Accumulating evaluation results...
DONE (t=0.02s).
IoU metric: bbox
 Average Precision  (AP) @[ IoU=0.50:0.95 | area=   all | maxDets=100 ] = 0.803
 Average Precision  (AP) @[ IoU=0.50      | area=   all | maxDets=100 ] = 0.967
 Average Precision  (AP) @[ IoU=0.75      | area=   all | maxDets=100 ] = 0.911
 Average Precision  (AP) @[ IoU=0.50:0.95 | area= small | maxDets=100 ] = 0.414
 Average Precision  (AP) @[ IoU=0.50:0.95 | area=medium | maxDets=100 ] = 0.366
 Average Precision  (AP) @[ IoU=0.50:0.95 | area= large | maxDets=100 ] = 0.816
 Average Recall     (AR) @[ IoU=0.50:0.95 | area=   all | maxDets=  1 ] = 0.376
 Average Recall     (AR) @[ IoU=0.50:0.95 | area=   all | maxDets= 10 ] = 0.850
 Average Recall     (AR) @[ IoU=0.50:0.95 | area=   all | maxDets=100 ] = 0.850
 Average Recall     (AR) @[ IoU=0.50:0.95 | area= small | maxDets=100 ] = 0.567
 Average Recall     (AR) @[ IoU=0.50:0.95 | area=medium | maxDets=100 ] = 0.775
 Average Recall     (AR) @[ IoU=0.50:0.95 | area= large | maxDets=100 ] = 0.860
IoU metric: segm
 Average Precision  (AP) @[ IoU=0.50:0.95 | area=   all | maxDets=100 ] = 0.765
 Average Precision  (AP) @[ IoU=0.50      | area=   all | maxDets=100 ] = 0.958
 Average Precision  (AP) @[ IoU=0.75      | area=   all | maxDets=100 ] = 0.893
 Average Precision  (AP) @[ IoU=0.50:0.95 | area= small | maxDets=100 ] = 0.360
 Average Precision  (AP) @[ IoU=0.50:0.95 | area=medium | maxDets=100 ] = 0.349
 Average Precision  (AP) @[ IoU=0.50:0.95 | area= large | maxDets=100 ] = 0.781
 Average Recall     (AR) @[ IoU=0.50:0.95 | area=   all | maxDets=  1 ] = 0.352
 Average Recall     (AR) @[ IoU=0.50:0.95 | area=   all | maxDets= 10 ] = 0.806
 Average Recall     (AR) @[ IoU=0.50:0.95 | area=   all | maxDets=100 ] = 0.806
 Average Recall     (AR) @[ IoU=0.50:0.95 | area= small | maxDets=100 ] = 0.533
 Average Recall     (AR) @[ IoU=0.50:0.95 | area=medium | maxDets=100 ] = 0.775
 Average Recall     (AR) @[ IoU=0.50:0.95 | area= large | maxDets=100 ] = 0.814
8
Epoch: [8]  [  0/120]  eta: 0:04:07  lr: 0.000050  loss: 0.1630 (0.1630)  loss_classifier: 0.0129 (0.0129)  loss_box_reg: 0.0074 (0.0074)  loss_mask: 0.1287 (0.1287)  loss_objectness: 0.0017 (0.0017)  loss_rpn_box_reg: 0.0123 (0.0123)  time: 2.0591  data: 1.3324  max mem: 1879
Epoch: [8]  [ 10/120]  eta: 0:01:30  lr: 0.000050  loss: 0.1252 (0.1337)  loss_classifier: 0.0164 (0.0164)  loss_box_reg: 0.0063 (0.0062)  loss_mask: 0.0988 (0.1029)  loss_objectness: 0.0004 (0.0019)  loss_rpn_box_reg: 0.0052 (0.0062)  time: 0.8230  data: 0.1222  max mem: 1879
Epoch: [8]  [ 20/120]  eta: 0:01:19  lr: 0.000050  loss: 0.1326 (0.1411)  loss_classifier: 0.0164 (0.0170)  loss_box_reg: 0.0063 (0.0069)  loss_mask: 0.1000 (0.1072)  loss_objectness: 0.0002 (0.0017)  loss_rpn_box_reg: 0.0057 (0.0083)  time: 0.7301  data: 0.0012  max mem: 1879
Epoch: [8]  [ 30/120]  eta: 0:01:08  lr: 0.000050  loss: 0.1429 (0.1485)  loss_classifier: 0.0199 (0.0215)  loss_box_reg: 0.0073 (0.0088)  loss_mask: 0.1048 (0.1090)  loss_objectness: 0.0002 (0.0012)  loss_rpn_box_reg: 0.0069 (0.0079)  time: 0.7281  data: 0.0011  max mem: 1879
Epoch: [8]  [ 40/120]  eta: 0:00:59  lr: 0.000050  loss: 0.1440 (0.1499)  loss_classifier: 0.0235 (0.0226)  loss_box_reg: 0.0066 (0.0090)  loss_mask: 0.1096 (0.1092)  loss_objectness: 0.0002 (0.0010)  loss_rpn_box_reg: 0.0055 (0.0080)  time: 0.6990  data: 0.0010  max mem: 1879
Epoch: [8]  [ 50/120]  eta: 0:00:52  lr: 0.000050  loss: 0.1363 (0.1513)  loss_classifier: 0.0217 (0.0228)  loss_box_reg: 0.0063 (0.0093)  loss_mask: 0.1096 (0.1101)  loss_objectness: 0.0003 (0.0009)  loss_rpn_box_reg: 0.0077 (0.0082)  time: 0.7471  data: 0.0011  max mem: 1879
Epoch: [8]  [ 60/120]  eta: 0:00:44  lr: 0.000050  loss: 0.1410 (0.1538)  loss_classifier: 0.0235 (0.0239)  loss_box_reg: 0.0078 (0.0096)  loss_mask: 0.1003 (0.1111)  loss_objectness: 0.0003 (0.0011)  loss_rpn_box_reg: 0.0077 (0.0082)  time: 0.7434  data: 0.0011  max mem: 1879
Epoch: [8]  [ 70/120]  eta: 0:00:37  lr: 0.000050  loss: 0.1489 (0.1534)  loss_classifier: 0.0243 (0.0238)  loss_box_reg: 0.0078 (0.0097)  loss_mask: 0.0998 (0.1106)  loss_objectness: 0.0005 (0.0011)  loss_rpn_box_reg: 0.0056 (0.0083)  time: 0.7153  data: 0.0011  max mem: 1879
Epoch: [8]  [ 80/120]  eta: 0:00:29  lr: 0.000050  loss: 0.1142 (0.1497)  loss_classifier: 0.0143 (0.0227)  loss_box_reg: 0.0053 (0.0090)  loss_mask: 0.0971 (0.1093)  loss_objectness: 0.0002 (0.0010)  loss_rpn_box_reg: 0.0043 (0.0077)  time: 0.7154  data: 0.0011  max mem: 1879
Epoch: [8]  [ 90/120]  eta: 0:00:21  lr: 0.000050  loss: 0.1148 (0.1472)  loss_classifier: 0.0128 (0.0222)  loss_box_reg: 0.0029 (0.0085)  loss_mask: 0.0972 (0.1082)  loss_objectness: 0.0001 (0.0009)  loss_rpn_box_reg: 0.0030 (0.0074)  time: 0.6782  data: 0.0011  max mem: 1879
Epoch: [8]  [100/120]  eta: 0:00:14  lr: 0.000050  loss: 0.1260 (0.1462)  loss_classifier: 0.0183 (0.0221)  loss_box_reg: 0.0033 (0.0085)  loss_mask: 0.0992 (0.1073)  loss_objectness: 0.0002 (0.0010)  loss_rpn_box_reg: 0.0035 (0.0074)  time: 0.6923  data: 0.0011  max mem: 1879
Epoch: [8]  [110/120]  eta: 0:00:07  lr: 0.000050  loss: 0.1332 (0.1445)  loss_classifier: 0.0144 (0.0213)  loss_box_reg: 0.0041 (0.0080)  loss_mask: 0.1034 (0.1072)  loss_objectness: 0.0002 (0.0010)  loss_rpn_box_reg: 0.0040 (0.0071)  time: 0.7053  data: 0.0011  max mem: 1879
Epoch: [8]  [119/120]  eta: 0:00:00  lr: 0.000050  loss: 0.1332 (0.1454)  loss_classifier: 0.0141 (0.0214)  loss_box_reg: 0.0033 (0.0082)  loss_mask: 0.1069 (0.1078)  loss_objectness: 0.0002 (0.0010)  loss_rpn_box_reg: 0.0037 (0.0070)  time: 0.6974  data: 0.0011  max mem: 1879
Epoch: [8] Total time: 0:01:27 (0.7261 s / it)
creating index...
index created!
Test:  [ 0/50]  eta: 0:01:15  model_time: 0.2968 (0.2968)  evaluator_time: 0.0020 (0.0020)  time: 1.5199  data: 1.2181  max mem: 1879
Test:  [49/50]  eta: 0:00:00  model_time: 0.2588 (0.2676)  evaluator_time: 0.0060 (0.0058)  time: 0.2837  data: 0.0010  max mem: 1879
Test: Total time: 0:00:15 (0.3048 s / it)
Averaged stats: model_time: 0.2588 (0.2676)  evaluator_time: 0.0060 (0.0058)
Accumulating evaluation results...
DONE (t=0.02s).
Accumulating evaluation results...
DONE (t=0.02s).
IoU metric: bbox
 Average Precision  (AP) @[ IoU=0.50:0.95 | area=   all | maxDets=100 ] = 0.804
 Average Precision  (AP) @[ IoU=0.50      | area=   all | maxDets=100 ] = 0.967
 Average Precision  (AP) @[ IoU=0.75      | area=   all | maxDets=100 ] = 0.911
 Average Precision  (AP) @[ IoU=0.50:0.95 | area= small | maxDets=100 ] = 0.414
 Average Precision  (AP) @[ IoU=0.50:0.95 | area=medium | maxDets=100 ] = 0.427
 Average Precision  (AP) @[ IoU=0.50:0.95 | area= large | maxDets=100 ] = 0.818
 Average Recall     (AR) @[ IoU=0.50:0.95 | area=   all | maxDets=  1 ] = 0.377
 Average Recall     (AR) @[ IoU=0.50:0.95 | area=   all | maxDets= 10 ] = 0.851
 Average Recall     (AR) @[ IoU=0.50:0.95 | area=   all | maxDets=100 ] = 0.851
 Average Recall     (AR) @[ IoU=0.50:0.95 | area= small | maxDets=100 ] = 0.567
 Average Recall     (AR) @[ IoU=0.50:0.95 | area=medium | maxDets=100 ] = 0.775
 Average Recall     (AR) @[ IoU=0.50:0.95 | area= large | maxDets=100 ] = 0.862
IoU metric: segm
 Average Precision  (AP) @[ IoU=0.50:0.95 | area=   all | maxDets=100 ] = 0.767
 Average Precision  (AP) @[ IoU=0.50      | area=   all | maxDets=100 ] = 0.958
 Average Precision  (AP) @[ IoU=0.75      | area=   all | maxDets=100 ] = 0.894
 Average Precision  (AP) @[ IoU=0.50:0.95 | area= small | maxDets=100 ] = 0.360
 Average Precision  (AP) @[ IoU=0.50:0.95 | area=medium | maxDets=100 ] = 0.336
 Average Precision  (AP) @[ IoU=0.50:0.95 | area= large | maxDets=100 ] = 0.781
 Average Recall     (AR) @[ IoU=0.50:0.95 | area=   all | maxDets=  1 ] = 0.353
 Average Recall     (AR) @[ IoU=0.50:0.95 | area=   all | maxDets= 10 ] = 0.807
 Average Recall     (AR) @[ IoU=0.50:0.95 | area=   all | maxDets=100 ] = 0.807
 Average Recall     (AR) @[ IoU=0.50:0.95 | area= small | maxDets=100 ] = 0.533
 Average Recall     (AR) @[ IoU=0.50:0.95 | area=medium | maxDets=100 ] = 0.800
 Average Recall     (AR) @[ IoU=0.50:0.95 | area= large | maxDets=100 ] = 0.814
9
Epoch: [9]  [  0/120]  eta: 0:03:45  lr: 0.000005  loss: 0.1177 (0.1177)  loss_classifier: 0.0036 (0.0036)  loss_box_reg: 0.0027 (0.0027)  loss_mask: 0.1073 (0.1073)  loss_objectness: 0.0003 (0.0003)  loss_rpn_box_reg: 0.0037 (0.0037)  time: 1.8802  data: 1.2816  max mem: 1879
Epoch: [9]  [ 10/120]  eta: 0:01:23  lr: 0.000005  loss: 0.1209 (0.1271)  loss_classifier: 0.0129 (0.0155)  loss_box_reg: 0.0037 (0.0053)  loss_mask: 0.1004 (0.0994)  loss_objectness: 0.0002 (0.0010)  loss_rpn_box_reg: 0.0037 (0.0059)  time: 0.7619  data: 0.1174  max mem: 1879
Epoch: [9]  [ 20/120]  eta: 0:01:13  lr: 0.000005  loss: 0.1209 (0.1312)  loss_classifier: 0.0113 (0.0159)  loss_box_reg: 0.0037 (0.0054)  loss_mask: 0.1007 (0.1035)  loss_objectness: 0.0002 (0.0008)  loss_rpn_box_reg: 0.0037 (0.0056)  time: 0.6777  data: 0.0011  max mem: 1879
Epoch: [9]  [ 30/120]  eta: 0:01:06  lr: 0.000005  loss: 0.1330 (0.1408)  loss_classifier: 0.0235 (0.0194)  loss_box_reg: 0.0060 (0.0078)  loss_mask: 0.1050 (0.1068)  loss_objectness: 0.0001 (0.0006)  loss_rpn_box_reg: 0.0048 (0.0061)  time: 0.7284  data: 0.0012  max mem: 1879
Epoch: [9]  [ 40/120]  eta: 0:00:59  lr: 0.000005  loss: 0.1495 (0.1461)  loss_classifier: 0.0260 (0.0214)  loss_box_reg: 0.0089 (0.0083)  loss_mask: 0.1062 (0.1090)  loss_objectness: 0.0003 (0.0011)  loss_rpn_box_reg: 0.0065 (0.0064)  time: 0.7431  data: 0.0011  max mem: 1879
Epoch: [9]  [ 50/120]  eta: 0:00:51  lr: 0.000005  loss: 0.1495 (0.1461)  loss_classifier: 0.0194 (0.0214)  loss_box_reg: 0.0067 (0.0077)  loss_mask: 0.1042 (0.1095)  loss_objectness: 0.0004 (0.0011)  loss_rpn_box_reg: 0.0055 (0.0063)  time: 0.7426  data: 0.0011  max mem: 1879
Epoch: [9]  [ 60/120]  eta: 0:00:43  lr: 0.000005  loss: 0.1317 (0.1420)  loss_classifier: 0.0135 (0.0203)  loss_box_reg: 0.0029 (0.0070)  loss_mask: 0.1003 (0.1078)  loss_objectness: 0.0002 (0.0010)  loss_rpn_box_reg: 0.0031 (0.0059)  time: 0.7010  data: 0.0011  max mem: 1879
Epoch: [9]  [ 70/120]  eta: 0:00:36  lr: 0.000005  loss: 0.1267 (0.1445)  loss_classifier: 0.0142 (0.0207)  loss_box_reg: 0.0037 (0.0078)  loss_mask: 0.0997 (0.1088)  loss_objectness: 0.0002 (0.0009)  loss_rpn_box_reg: 0.0043 (0.0063)  time: 0.6896  data: 0.0011  max mem: 1879
Epoch: [9]  [ 80/120]  eta: 0:00:29  lr: 0.000005  loss: 0.1284 (0.1453)  loss_classifier: 0.0196 (0.0208)  loss_box_reg: 0.0061 (0.0080)  loss_mask: 0.0981 (0.1088)  loss_objectness: 0.0004 (0.0010)  loss_rpn_box_reg: 0.0077 (0.0067)  time: 0.7354  data: 0.0011  max mem: 1879
Epoch: [9]  [ 90/120]  eta: 0:00:21  lr: 0.000005  loss: 0.1254 (0.1479)  loss_classifier: 0.0211 (0.0218)  loss_box_reg: 0.0066 (0.0091)  loss_mask: 0.0958 (0.1091)  loss_objectness: 0.0002 (0.0010)  loss_rpn_box_reg: 0.0066 (0.0069)  time: 0.7326  data: 0.0011  max mem: 1879
Epoch: [9]  [100/120]  eta: 0:00:14  lr: 0.000005  loss: 0.1359 (0.1470)  loss_classifier: 0.0186 (0.0216)  loss_box_reg: 0.0066 (0.0089)  loss_mask: 0.0982 (0.1086)  loss_objectness: 0.0002 (0.0010)  loss_rpn_box_reg: 0.0044 (0.0069)  time: 0.7187  data: 0.0012  max mem: 1879
Epoch: [9]  [110/120]  eta: 0:00:07  lr: 0.000005  loss: 0.1359 (0.1475)  loss_classifier: 0.0177 (0.0217)  loss_box_reg: 0.0031 (0.0088)  loss_mask: 0.0982 (0.1092)  loss_objectness: 0.0004 (0.0009)  loss_rpn_box_reg: 0.0040 (0.0068)  time: 0.7052  data: 0.0011  max mem: 1879
Epoch: [9]  [119/120]  eta: 0:00:00  lr: 0.000005  loss: 0.1365 (0.1472)  loss_classifier: 0.0177 (0.0215)  loss_box_reg: 0.0062 (0.0088)  loss_mask: 0.0982 (0.1089)  loss_objectness: 0.0003 (0.0010)  loss_rpn_box_reg: 0.0040 (0.0070)  time: 0.7217  data: 0.0011  max mem: 1879
Epoch: [9] Total time: 0:01:27 (0.7264 s / it)
creating index...
index created!
Test:  [ 0/50]  eta: 0:01:17  model_time: 0.2978 (0.2978)  evaluator_time: 0.0020 (0.0020)  time: 1.5552  data: 1.2514  max mem: 1879
Test:  [49/50]  eta: 0:00:00  model_time: 0.2618 (0.2687)  evaluator_time: 0.0060 (0.0058)  time: 0.2852  data: 0.0010  max mem: 1879
Test: Total time: 0:00:15 (0.3065 s / it)
Averaged stats: model_time: 0.2618 (0.2687)  evaluator_time: 0.0060 (0.0058)
Accumulating evaluation results...
DONE (t=0.02s).
Accumulating evaluation results...
DONE (t=0.02s).
IoU metric: bbox
 Average Precision  (AP) @[ IoU=0.50:0.95 | area=   all | maxDets=100 ] = 0.805
 Average Precision  (AP) @[ IoU=0.50      | area=   all | maxDets=100 ] = 0.967
 Average Precision  (AP) @[ IoU=0.75      | area=   all | maxDets=100 ] = 0.911
 Average Precision  (AP) @[ IoU=0.50:0.95 | area= small | maxDets=100 ] = 0.414
 Average Precision  (AP) @[ IoU=0.50:0.95 | area=medium | maxDets=100 ] = 0.427
 Average Precision  (AP) @[ IoU=0.50:0.95 | area= large | maxDets=100 ] = 0.819
 Average Recall     (AR) @[ IoU=0.50:0.95 | area=   all | maxDets=  1 ] = 0.376
 Average Recall     (AR) @[ IoU=0.50:0.95 | area=   all | maxDets= 10 ] = 0.851
 Average Recall     (AR) @[ IoU=0.50:0.95 | area=   all | maxDets=100 ] = 0.851
 Average Recall     (AR) @[ IoU=0.50:0.95 | area= small | maxDets=100 ] = 0.567
 Average Recall     (AR) @[ IoU=0.50:0.95 | area=medium | maxDets=100 ] = 0.775
 Average Recall     (AR) @[ IoU=0.50:0.95 | area= large | maxDets=100 ] = 0.862
IoU metric: segm
 Average Precision  (AP) @[ IoU=0.50:0.95 | area=   all | maxDets=100 ] = 0.767
 Average Precision  (AP) @[ IoU=0.50      | area=   all | maxDets=100 ] = 0.958
 Average Precision  (AP) @[ IoU=0.75      | area=   all | maxDets=100 ] = 0.893
 Average Precision  (AP) @[ IoU=0.50:0.95 | area= small | maxDets=100 ] = 0.360
 Average Precision  (AP) @[ IoU=0.50:0.95 | area=medium | maxDets=100 ] = 0.336
 Average Precision  (AP) @[ IoU=0.50:0.95 | area= large | maxDets=100 ] = 0.781
 Average Recall     (AR) @[ IoU=0.50:0.95 | area=   all | maxDets=  1 ] = 0.353
 Average Recall     (AR) @[ IoU=0.50:0.95 | area=   all | maxDets= 10 ] = 0.807
 Average Recall     (AR) @[ IoU=0.50:0.95 | area=   all | maxDets=100 ] = 0.807
 Average Recall     (AR) @[ IoU=0.50:0.95 | area= small | maxDets=100 ] = 0.533
 Average Recall     (AR) @[ IoU=0.50:0.95 | area=medium | maxDets=100 ] = 0.800
 Average Recall     (AR) @[ IoU=0.50:0.95 | area= large | maxDets=100 ] = 0.814
That's it!
当前时间: 17:05:15.44
输入新时间:
